[0701/183732.154:ERROR:process_reader_win.cc(188)] ResumeThread: The parameter is incorrect. (0x57)
[0701/183732.155:ERROR:process_reader_win.cc(151)] SuspendThread: Access is denied. (0x5)
[0701/183732.155:ERROR:process_reader_win.cc(151)] SuspendThread: Access is denied. (0x5)
[0701/183732.155:ERROR:process_reader_win.cc(151)] SuspendThread: Access is denied. (0x5)
[0701/183732.155:ERROR:process_reader_win.cc(151)] SuspendThread: Access is denied. (0x5)
[0701/183732.220:ERROR:process_memory_win.cc(73)] ReadMemory at 0x7ff6ed420000 of 64 bytes failed: Only part of a ReadProcessMemory or WriteProcessMemory request was completed. (0x12B)
[0701/183732.220:WARNING:pe_image_reader.cc(340)] could not read dos header from C:\Program Files (x86)\Google\Chrome\Application\chrome.exe
[0701/183732.221:ERROR:process_memory_win.cc(73)] ReadMemory at 0x7ffea47e0000 of 64 bytes failed: Only part of a ReadProcessMemory or WriteProcessMemory request was completed. (0x12B)
[0701/183732.221:WARNING:pe_image_reader.cc(340)] could not read dos header from C:\WINDOWS\SYSTEM32\ntdll.dll
[0701/183732.221:ERROR:process_memory_win.cc(73)] ReadMemory at 0x7ffea45c0000 of 64 bytes failed: Only part of a ReadProcessMemory or WriteProcessMemory request was completed. (0x12B)
[0701/183732.221:WARNING:pe_image_reader.cc(340)] could not read dos header from C:\WINDOWS\System32\KERNEL32.DLL
[0701/183732.221:ERROR:process_memory_win.cc(73)] ReadMemory at 0x7ffea2070000 of 64 bytes failed: Only part of a ReadProcessMemory or WriteProcessMemory request was completed. (0x12B)
[0701/183732.221:WARNING:pe_image_reader.cc(340)] could not read dos header from C:\WINDOWS\System32\KERNELBASE.dll
[0701/183732.221:ERROR:process_memory_win.cc(73)] ReadMemory at 0x7ffe6ebe0000 of 64 bytes failed: Only part of a ReadProcessMemory or WriteProcessMemory request was completed. (0x12B)
[0701/183732.221:WARNING:pe_image_reader.cc(340)] could not read dos header from C:\Program Files (x86)\Google\Chrome\Application\83.0.4103.116\chrome_elf.dll
[0701/183732.221:ERROR:process_memory_win.cc(73)] ReadMemory at 0x7ffe9c3c0000 of 64 bytes failed: Only part of a ReadProcessMemory or WriteProcessMemory request was completed. (0x12B)
[0701/183732.221:WARNING:pe_image_reader.cc(340)] could not read dos header from C:\WINDOWS\SYSTEM32\VERSION.dll
[0701/183732.221:ERROR:process_memory_win.cc(73)] ReadMemory at 0x7ffea3720000 of 64 bytes failed: Only part of a ReadProcessMemory or WriteProcessMemory request was completed. (0x12B)
[0701/183732.221:WARNING:pe_image_reader.cc(340)] could not read dos header from C:\WINDOWS\System32\msvcrt.dll
[0701/183732.221:ERROR:process_memory_win.cc(73)] ReadMemory at 0x7ffea2370000 of 64 bytes failed: Only part of a ReadProcessMemory or WriteProcessMemory request was completed. (0x12B)
[0701/183732.221:WARNING:pe_image_reader.cc(340)] could not read dos header from C:\WINDOWS\System32\bcryptPrimitives.dll
[0701/183732.221:ERROR:process_memory_win.cc(73)] ReadMemory at 0x7ffea4030000 of 64 bytes failed: Only part of a ReadProcessMemory or WriteProcessMemory request was completed. (0x12B)
[0701/183732.221:WARNING:pe_image_reader.cc(340)] could not read dos header from C:\WINDOWS\System32\ADVAPI32.dll
[0701/183732.221:ERROR:process_memory_win.cc(73)] ReadMemory at 0x7ffea33d0000 of 64 bytes failed: Only part of a ReadProcessMemory or WriteProcessMemory request was completed. (0x12B)
[0701/183732.221:WARNING:pe_image_reader.cc(340)] could not read dos header from C:\WINDOWS\System32\sechost.dll
[0701/183732.221:ERROR:process_memory_win.cc(73)] ReadMemory at 0x2dfa1860000 of 64 bytes failed: Only part of a ReadProcessMemory or WriteProcessMemory request was completed. (0x12B)
[0701/183732.221:WARNING:pe_image_reader.cc(340)] could not read dos header from C:\WINDOWS\System32\RPCRT4.dll
[0701/183732.221:ERROR:process_memory_win.cc(73)] ReadMemory at 0x7ffe2abe0000 of 64 bytes failed: Only part of a ReadProcessMemory or WriteProcessMemory request was completed. (0x12B)
[0701/183732.221:WARNING:pe_image_reader.cc(340)] could not read dos header from C:\Program Files (x86)\Google\Chrome\Application\83.0.4103.116\chrome.dll
[0701/183732.221:ERROR:process_memory_win.cc(73)] ReadMemory at 0x7ffea40e0000 of 64 bytes failed: Only part of a ReadProcessMemory or WriteProcessMemory request was completed. (0x12B)
[0701/183732.221:WARNING:pe_image_reader.cc(340)] could not read dos header from C:\WINDOWS\System32\WS2_32.dll
[0701/183732.222:ERROR:process_memory_win.cc(73)] ReadMemory at 0x7ffea3480000 of 64 bytes failed: Only part of a ReadProcessMemory or WriteProcessMemory request was completed. (0x12B)
[0701/183732.222:WARNING:pe_image_reader.cc(340)] could not read dos header from C:\WINDOWS\System32\OLEAUT32.dll
[0701/183732.222:ERROR:process_memory_win.cc(73)] ReadMemory at 0x7ffea1fd0000 of 64 bytes failed: Only part of a ReadProcessMemory or WriteProcessMemory request was completed. (0x12B)
[0701/183732.222:WARNING:pe_image_reader.cc(340)] could not read dos header from C:\WINDOWS\System32\msvcp_win.dll
[0701/183732.222:ERROR:process_memory_win.cc(73)] ReadMemory at 0x7ffea23f0000 of 64 bytes failed: Only part of a ReadProcessMemory or WriteProcessMemory request was completed. (0x12B)
[0701/183732.222:WARNING:pe_image_reader.cc(340)] could not read dos header from C:\WINDOWS\System32\ucrtbase.dll
[0701/183732.222:ERROR:process_memory_win.cc(73)] ReadMemory at 0x7ffea2f80000 of 64 bytes failed: Only part of a ReadProcessMemory or WriteProcessMemory request was completed. (0x12B)
[0701/183732.222:WARNING:pe_image_reader.cc(340)] could not read dos header from C:\WINDOWS\System32\combase.dll
[0701/183732.222:ERROR:process_memory_win.cc(73)] ReadMemory at 0x7ffea1f50000 of 64 bytes failed: Only part of a ReadProcessMemory or WriteProcessMemory request was completed. (0x12B)
[0701/183732.222:WARNING:pe_image_reader.cc(340)] could not read dos header from C:\WINDOWS\System32\WINTRUST.dll
[0701/183732.222:ERROR:process_memory_win.cc(73)] ReadMemory at 0x7ffea16b0000 of 64 bytes failed: Only part of a ReadProcessMemory or WriteProcessMemory request was completed. (0x12B)
[0701/183732.222:WARNING:pe_image_reader.cc(340)] could not read dos header from C:\WINDOWS\System32\MSASN1.dll
[0701/183732.222:ERROR:process_memory_win.cc(73)] ReadMemory at 0x7ffea24f0000 of 64 bytes failed: Only part of a ReadProcessMemory or WriteProcessMemory request was completed. (0x12B)
[0701/183732.222:WARNING:pe_image_reader.cc(340)] could not read dos header from C:\WINDOWS\System32\CRYPT32.dll
[0701/183732.222:ERROR:process_memory_win.cc(73)] ReadMemory at 0x7ffea0c20000 of 64 bytes failed: Only part of a ReadProcessMemory or WriteProcessMemory request was completed. (0x12B)
[0701/183732.222:WARNING:pe_image_reader.cc(340)] could not read dos header from C:\WINDOWS\SYSTEM32\IPHLPAPI.DLL
[0701/183732.222:ERROR:process_memory_win.cc(73)] ReadMemory at 0x7ffe8b5c0000 of 64 bytes failed: Only part of a ReadProcessMemory or WriteProcessMemory request was completed. (0x12B)
[0701/183732.222:WARNING:pe_image_reader.cc(340)] could not read dos header from C:\WINDOWS\SYSTEM32\WINMM.dll
[0701/183732.222:ERROR:process_memory_win.cc(73)] ReadMemory at 0x7ffe997d0000 of 64 bytes failed: Only part of a ReadProcessMemory or WriteProcessMemory request was completed. (0x12B)
[0701/183732.222:WARNING:pe_image_reader.cc(340)] could not read dos header from C:\WINDOWS\SYSTEM32\Secur32.dll
[0701/183732.222:ERROR:process_memory_win.cc(73)] ReadMemory at 0x7ffea15c0000 of 64 bytes failed: Only part of a ReadProcessMemory or WriteProcessMemory request was completed. (0x12B)
[0701/183732.222:WARNING:pe_image_reader.cc(340)] could not read dos header from C:\WINDOWS\SYSTEM32\USERENV.dll
[0701/183732.222:ERROR:process_memory_win.cc(73)] ReadMemory at 0x7ffea16d0000 of 64 bytes failed: Only part of a ReadProcessMemory or WriteProcessMemory request was completed. (0x12B)
[0701/183732.222:WARNING:pe_image_reader.cc(340)] could not read dos header from C:\WINDOWS\System32\profapi.dll
[0701/183732.222:ERROR:process_memory_win.cc(73)] ReadMemory at 0x7ffe6c3f0000 of 64 bytes failed: Only part of a ReadProcessMemory or WriteProcessMemory request was completed. (0x12B)
[0701/183732.222:WARNING:pe_image_reader.cc(340)] could not read dos header from C:\WINDOWS\SYSTEM32\UIAutomationCore.DLL
[0701/183732.223:ERROR:process_memory_win.cc(73)] ReadMemory at 0x7ffe753c0000 of 64 bytes failed: Only part of a ReadProcessMemory or WriteProcessMemory request was completed. (0x12B)
[0701/183732.223:WARNING:pe_image_reader.cc(340)] could not read dos header from C:\WINDOWS\SYSTEM32\DWrite.dll
[0701/183732.223:ERROR:process_memory_win.cc(73)] ReadMemory at 0x7ffe92600000 of 64 bytes failed: Only part of a ReadProcessMemory or WriteProcessMemory request was completed. (0x12B)
[0701/183732.223:WARNING:pe_image_reader.cc(340)] could not read dos header from C:\WINDOWS\SYSTEM32\WINSPOOL.DRV
[0701/183732.223:ERROR:process_memory_win.cc(73)] ReadMemory at 0x7ffea1750000 of 64 bytes failed: Only part of a ReadProcessMemory or WriteProcessMemory request was completed. (0x12B)
[0701/183732.223:WARNING:pe_image_reader.cc(340)] could not read dos header from C:\WINDOWS\System32\kernel.appcore.dll
[0701/183732.223:ERROR:process_memory_win.cc(73)] ReadMemory at 0x7ffea1770000 of 64 bytes failed: Only part of a ReadProcessMemory or WriteProcessMemory request was completed. (0x12B)
[0701/183732.223:WARNING:pe_image_reader.cc(340)] could not read dos header from C:\WINDOWS\System32\bcrypt.dll
[0701/183732.223:ERROR:process_memory_win.cc(73)] ReadMemory at 0x7ffe9b350000 of 64 bytes failed: Only part of a ReadProcessMemory or WriteProcessMemory request was completed. (0x12B)
[0701/183732.223:WARNING:pe_image_reader.cc(340)] could not read dos header from C:\WINDOWS\SYSTEM32\dbghelp.dll
[0701/183732.223:ERROR:process_memory_win.cc(73)] ReadMemory at 0x7ffe9bdd0000 of 64 bytes failed: Only part of a ReadProcessMemory or WriteProcessMemory request was completed. (0x12B)
[0701/183732.223:WARNING:pe_image_reader.cc(340)] could not read dos header from C:\WINDOWS\SYSTEM32\WINHTTP.dll
[0701/183732.223:ERROR:process_memory_win.cc(73)] ReadMemory at 0x7ffe9c870000 of 64 bytes failed: Only part of a ReadProcessMemory or WriteProcessMemory request was completed. (0x12B)
[0701/183732.223:WARNING:pe_image_reader.cc(340)] could not read dos header from C:\WINDOWS\SYSTEM32\dhcpcsvc.DLL
[0701/183732.223:ERROR:process_memory_win.cc(73)] ReadMemory at 0x7ffea3470000 of 64 bytes failed: Only part of a ReadProcessMemory or WriteProcessMemory request was completed. (0x12B)
[0701/183732.223:WARNING:pe_image_reader.cc(340)] could not read dos header from C:\WINDOWS\System32\NSI.dll
[0701/183732.223:ERROR:process_memory_win.cc(73)] ReadMemory at 0x7ffe8b520000 of 64 bytes failed: Only part of a ReadProcessMemory or WriteProcessMemory request was completed. (0x12B)
[0701/183732.223:WARNING:pe_image_reader.cc(340)] could not read dos header from C:\WINDOWS\SYSTEM32\WINMMBASE.dll
[0701/183732.223:ERROR:process_memory_win.cc(73)] ReadMemory at 0x7ffea2320000 of 64 bytes failed: Only part of a ReadProcessMemory or WriteProcessMemory request was completed. (0x12B)
[0701/183732.223:WARNING:pe_image_reader.cc(340)] could not read dos header from C:\WINDOWS\System32\cfgmgr32.dll
[0701/183732.223:ERROR:process_memory_win.cc(73)] ReadMemory at 0x7ffea0160000 of 64 bytes failed: Only part of a ReadProcessMemory or WriteProcessMemory request was completed. (0x12B)
[0701/183732.223:WARNING:pe_image_reader.cc(340)] could not read dos header from C:\WINDOWS\SYSTEM32\PROPSYS.dll
[0701/183732.223:ERROR:process_memory_win.cc(73)] ReadMemory at 0x7ffea3f50000 of 64 bytes failed: Only part of a ReadProcessMemory or WriteProcessMemory request was completed. (0x12B)
[0701/183732.223:WARNING:pe_image_reader.cc(340)] could not read dos header from C:\WINDOWS\System32\shcore.dll
[0701/183732.223:ERROR:process_memory_win.cc(73)] ReadMemory at 0x7ffea1590000 of 64 bytes failed: Only part of a ReadProcessMemory or WriteProcessMemory request was completed. (0x12B)
[0701/183732.223:WARNING:pe_image_reader.cc(340)] could not read dos header from C:\WINDOWS\SYSTEM32\SSPICLI.DLL
[0701/183732.223:ERROR:process_memory_win.cc(73)] ReadMemory at 0x7ffea10e0000 of 64 bytes failed: Only part of a ReadProcessMemory or WriteProcessMemory request was completed. (0x12B)
[0701/183732.223:WARNING:pe_image_reader.cc(340)] could not read dos header from C:\WINDOWS\SYSTEM32\CRYPTBASE.DLL
[0701/183732.226:ERROR:process_memory_win.cc(73)] ReadMemory at 0x7ff6ed420000 of 64 bytes failed: Only part of a ReadProcessMemory or WriteProcessMemory request was completed. (0x12B)
[0701/183732.226:WARNING:pe_image_reader.cc(340)] could not read dos header from C:\Program Files (x86)\Google\Chrome\Application\chrome.exe
[0701/183732.226:ERROR:process_memory_win.cc(73)] ReadMemory at 0x7ffea47e0000 of 64 bytes failed: Only part of a ReadProcessMemory or WriteProcessMemory request was completed. (0x12B)
[0701/183732.226:WARNING:pe_image_reader.cc(340)] could not read dos header from C:\WINDOWS\SYSTEM32\ntdll.dll
[0701/183732.226:ERROR:process_memory_win.cc(73)] ReadMemory at 0x7ffea45c0000 of 64 bytes failed: Only part of a ReadProcessMemory or WriteProcessMemory request was completed. (0x12B)
[0701/183732.226:WARNING:pe_image_reader.cc(340)] could not read dos header from C:\WINDOWS\System32\KERNEL32.DLL
[0701/183732.226:ERROR:process_memory_win.cc(73)] ReadMemory at 0x7ffea2070000 of 64 bytes failed: Only part of a ReadProcessMemory or WriteProcessMemory request was completed. (0x12B)
[0701/183732.226:WARNING:pe_image_reader.cc(340)] could not read dos header from C:\WINDOWS\System32\KERNELBASE.dll
[0701/183732.227:ERROR:process_memory_win.cc(73)] ReadMemory at 0x7ffe6ebe0000 of 64 bytes failed: Only part of a ReadProcessMemory or WriteProcessMemory request was completed. (0x12B)
[0701/183732.227:WARNING:pe_image_reader.cc(340)] could not read dos header from C:\Program Files (x86)\Google\Chrome\Application\83.0.4103.116\chrome_elf.dll
[0701/183732.227:ERROR:process_memory_win.cc(73)] ReadMemory at 0x7ffe9c3c0000 of 64 bytes failed: Only part of a ReadProcessMemory or WriteProcessMemory request was completed. (0x12B)
[0701/183732.227:WARNING:pe_image_reader.cc(340)] could not read dos header from C:\WINDOWS\SYSTEM32\VERSION.dll
[0701/183732.227:ERROR:process_memory_win.cc(73)] ReadMemory at 0x7ffea3720000 of 64 bytes failed: Only part of a ReadProcessMemory or WriteProcessMemory request was completed. (0x12B)
[0701/183732.227:WARNING:pe_image_reader.cc(340)] could not read dos header from C:\WINDOWS\System32\msvcrt.dll
[0701/183732.227:ERROR:process_memory_win.cc(73)] ReadMemory at 0x7ffea2370000 of 64 bytes failed: Only part of a ReadProcessMemory or WriteProcessMemory request was completed. (0x12B)
[0701/183732.227:WARNING:pe_image_reader.cc(340)] could not read dos header from C:\WINDOWS\System32\bcryptPrimitives.dll
[0701/183732.227:ERROR:process_memory_win.cc(73)] ReadMemory at 0x7ffea4030000 of 64 bytes failed: Only part of a ReadProcessMemory or WriteProcessMemory request was completed. (0x12B)
[0701/183732.227:WARNING:pe_image_reader.cc(340)] could not read dos header from C:\WINDOWS\System32\ADVAPI32.dll
[0701/183732.227:ERROR:process_memory_win.cc(73)] ReadMemory at 0x7ffea33d0000 of 64 bytes failed: Only part of a ReadProcessMemory or WriteProcessMemory request was completed. (0x12B)
[0701/183732.227:WARNING:pe_image_reader.cc(340)] could not read dos header from C:\WINDOWS\System32\sechost.dll
[0701/183732.227:ERROR:process_memory_win.cc(73)] ReadMemory at 0x2dfa1860000 of 64 bytes failed: Only part of a ReadProcessMemory or WriteProcessMemory request was completed. (0x12B)
[0701/183732.227:WARNING:pe_image_reader.cc(340)] could not read dos header from C:\WINDOWS\System32\RPCRT4.dll
[0701/183732.227:ERROR:process_memory_win.cc(73)] ReadMemory at 0x7ffe2abe0000 of 64 bytes failed: Only part of a ReadProcessMemory or WriteProcessMemory request was completed. (0x12B)
[0701/183732.227:WARNING:pe_image_reader.cc(340)] could not read dos header from C:\Program Files (x86)\Google\Chrome\Application\83.0.4103.116\chrome.dll
[0701/183732.227:ERROR:process_memory_win.cc(73)] ReadMemory at 0x7ffea40e0000 of 64 bytes failed: Only part of a ReadProcessMemory or WriteProcessMemory request was completed. (0x12B)
[0701/183732.228:WARNING:pe_image_reader.cc(340)] could not read dos header from C:\WINDOWS\System32\WS2_32.dll
[0701/183732.228:ERROR:process_memory_win.cc(73)] ReadMemory at 0x7ffea3480000 of 64 bytes failed: Only part of a ReadProcessMemory or WriteProcessMemory request was completed. (0x12B)
[0701/183732.228:WARNING:pe_image_reader.cc(340)] could not read dos header from C:\WINDOWS\System32\OLEAUT32.dll
[0701/183732.228:ERROR:process_memory_win.cc(73)] ReadMemory at 0x7ffea1fd0000 of 64 bytes failed: Only part of a ReadProcessMemory or WriteProcessMemory request was completed. (0x12B)
[0701/183732.228:WARNING:pe_image_reader.cc(340)] could not read dos header from C:\WINDOWS\System32\msvcp_win.dll
[0701/183732.228:ERROR:process_memory_win.cc(73)] ReadMemory at 0x7ffea23f0000 of 64 bytes failed: Only part of a ReadProcessMemory or WriteProcessMemory request was completed. (0x12B)
[0701/183732.228:WARNING:pe_image_reader.cc(340)] could not read dos header from C:\WINDOWS\System32\ucrtbase.dll
[0701/183732.228:ERROR:process_memory_win.cc(73)] ReadMemory at 0x7ffea2f80000 of 64 bytes failed: Only part of a ReadProcessMemory or WriteProcessMemory request was completed. (0x12B)
[0701/183732.228:WARNING:pe_image_reader.cc(340)] could not read dos header from C:\WINDOWS\System32\combase.dll
[0701/183732.228:ERROR:process_memory_win.cc(73)] ReadMemory at 0x7ffea1f50000 of 64 bytes failed: Only part of a ReadProcessMemory or WriteProcessMemory request was completed. (0x12B)
[0701/183732.228:WARNING:pe_image_reader.cc(340)] could not read dos header from C:\WINDOWS\System32\WINTRUST.dll
[0701/183732.228:ERROR:process_memory_win.cc(73)] ReadMemory at 0x7ffea16b0000 of 64 bytes failed: Only part of a ReadProcessMemory or WriteProcessMemory request was completed. (0x12B)
[0701/183732.228:WARNING:pe_image_reader.cc(340)] could not read dos header from C:\WINDOWS\System32\MSASN1.dll
[0701/183732.228:ERROR:process_memory_win.cc(73)] ReadMemory at 0x7ffea24f0000 of 64 bytes failed: Only part of a ReadProcessMemory or WriteProcessMemory request was completed. (0x12B)
[0701/183732.228:WARNING:pe_image_reader.cc(340)] could not read dos header from C:\WINDOWS\System32\CRYPT32.dll
[0701/183732.228:ERROR:process_memory_win.cc(73)] ReadMemory at 0x7ffea0c20000 of 64 bytes failed: Only part of a ReadProcessMemory or WriteProcessMemory request was completed. (0x12B)
[0701/183732.228:WARNING:pe_image_reader.cc(340)] could not read dos header from C:\WINDOWS\SYSTEM32\IPHLPAPI.DLL
[0701/183732.228:ERROR:process_memory_win.cc(73)] ReadMemory at 0x7ffe8b5c0000 of 64 bytes failed: Only part of a ReadProcessMemory or WriteProcessMemory request was completed. (0x12B)
[0701/183732.228:WARNING:pe_image_reader.cc(340)] could not read dos header from C:\WINDOWS\SYSTEM32\WINMM.dll
[0701/183732.228:ERROR:process_memory_win.cc(73)] ReadMemory at 0x7ffe997d0000 of 64 bytes failed: Only part of a ReadProcessMemory or WriteProcessMemory request was completed. (0x12B)
[0701/183732.228:WARNING:pe_image_reader.cc(340)] could not read dos header from C:\WINDOWS\SYSTEM32\Secur32.dll
[0701/183732.228:ERROR:process_memory_win.cc(73)] ReadMemory at 0x7ffea15c0000 of 64 bytes failed: Only part of a ReadProcessMemory or WriteProcessMemory request was completed. (0x12B)
[0701/183732.228:WARNING:pe_image_reader.cc(340)] could not read dos header from C:\WINDOWS\SYSTEM32\USERENV.dll
[0701/183732.228:ERROR:process_memory_win.cc(73)] ReadMemory at 0x7ffea16d0000 of 64 bytes failed: Only part of a ReadProcessMemory or WriteProcessMemory request was completed. (0x12B)
[0701/183732.228:WARNING:pe_image_reader.cc(340)] could not read dos header from C:\WINDOWS\System32\profapi.dll
[0701/183732.229:ERROR:process_memory_win.cc(73)] ReadMemory at 0x7ffe6c3f0000 of 64 bytes failed: Only part of a ReadProcessMemory or WriteProcessMemory request was completed. (0x12B)
[0701/183732.229:WARNING:pe_image_reader.cc(340)] could not read dos header from C:\WINDOWS\SYSTEM32\UIAutomationCore.DLL
[0701/183732.229:ERROR:process_memory_win.cc(73)] ReadMemory at 0x7ffe753c0000 of 64 bytes failed: Only part of a ReadProcessMemory or WriteProcessMemory request was completed. (0x12B)
[0701/183732.229:WARNING:pe_image_reader.cc(340)] could not read dos header from C:\WINDOWS\SYSTEM32\DWrite.dll
[0701/183732.229:ERROR:process_memory_win.cc(73)] ReadMemory at 0x7ffe92600000 of 64 bytes failed: Only part of a ReadProcessMemory or WriteProcessMemory request was completed. (0x12B)
[0701/183732.229:WARNING:pe_image_reader.cc(340)] could not read dos header from C:\WINDOWS\SYSTEM32\WINSPOOL.DRV
[0701/183732.229:ERROR:process_memory_win.cc(73)] ReadMemory at 0x7ffea1750000 of 64 bytes failed: Only part of a ReadProcessMemory or WriteProcessMemory request was completed. (0x12B)
[0701/183732.229:WARNING:pe_image_reader.cc(340)] could not read dos header from C:\WINDOWS\System32\kernel.appcore.dll
[0701/183732.229:ERROR:process_memory_win.cc(73)] ReadMemory at 0x7ffea1770000 of 64 bytes failed: Only part of a ReadProcessMemory or WriteProcessMemory request was completed. (0x12B)
[0701/183732.229:WARNING:pe_image_reader.cc(340)] could not read dos header from C:\WINDOWS\System32\bcrypt.dll
[0701/183732.229:ERROR:process_memory_win.cc(73)] ReadMemory at 0x7ffe9b350000 of 64 bytes failed: Only part of a ReadProcessMemory or WriteProcessMemory request was completed. (0x12B)
[0701/183732.229:WARNING:pe_image_reader.cc(340)] could not read dos header from C:\WINDOWS\SYSTEM32\dbghelp.dll
[0701/183732.229:ERROR:process_memory_win.cc(73)] ReadMemory at 0x7ffe9bdd0000 of 64 bytes failed: Only part of a ReadProcessMemory or WriteProcessMemory request was completed. (0x12B)
[0701/183732.229:WARNING:pe_image_reader.cc(340)] could not read dos header from C:\WINDOWS\SYSTEM32\WINHTTP.dll
[0701/183732.229:ERROR:process_memory_win.cc(73)] ReadMemory at 0x7ffe9c870000 of 64 bytes failed: Only part of a ReadProcessMemory or WriteProcessMemory request was completed. (0x12B)
[0701/183732.229:WARNING:pe_image_reader.cc(340)] could not read dos header from C:\WINDOWS\SYSTEM32\dhcpcsvc.DLL
[0701/183732.229:ERROR:process_memory_win.cc(73)] ReadMemory at 0x7ffea3470000 of 64 bytes failed: Only part of a ReadProcessMemory or WriteProcessMemory request was completed. (0x12B)
[0701/183732.229:WARNING:pe_image_reader.cc(340)] could not read dos header from C:\WINDOWS\System32\NSI.dll
[0701/183732.229:ERROR:process_memory_win.cc(73)] ReadMemory at 0x7ffe8b520000 of 64 bytes failed: Only part of a ReadProcessMemory or WriteProcessMemory request was completed. (0x12B)
[0701/183732.229:WARNING:pe_image_reader.cc(340)] could not read dos header from C:\WINDOWS\SYSTEM32\WINMMBASE.dll
[0701/183732.229:ERROR:process_memory_win.cc(73)] ReadMemory at 0x7ffea2320000 of 64 bytes failed: Only part of a ReadProcessMemory or WriteProcessMemory request was completed. (0x12B)
[0701/183732.229:WARNING:pe_image_reader.cc(340)] could not read dos header from C:\WINDOWS\System32\cfgmgr32.dll
[0701/183732.229:ERROR:process_memory_win.cc(73)] ReadMemory at 0x7ffea0160000 of 64 bytes failed: Only part of a ReadProcessMemory or WriteProcessMemory request was completed. (0x12B)
[0701/183732.229:WARNING:pe_image_reader.cc(340)] could not read dos header from C:\WINDOWS\SYSTEM32\PROPSYS.dll
[0701/183732.229:ERROR:process_memory_win.cc(73)] ReadMemory at 0x7ffea3f50000 of 64 bytes failed: Only part of a ReadProcessMemory or WriteProcessMemory request was completed. (0x12B)
[0701/183732.229:WARNING:pe_image_reader.cc(340)] could not read dos header from C:\WINDOWS\System32\shcore.dll
[0701/183732.229:ERROR:process_memory_win.cc(73)] ReadMemory at 0x7ffea1590000 of 64 bytes failed: Only part of a ReadProcessMemory or WriteProcessMemory request was completed. (0x12B)
[0701/183732.230:WARNING:pe_image_reader.cc(340)] could not read dos header from C:\WINDOWS\SYSTEM32\SSPICLI.DLL
[0701/183732.230:ERROR:process_memory_win.cc(73)] ReadMemory at 0x7ffea10e0000 of 64 bytes failed: Only part of a ReadProcessMemory or WriteProcessMemory request was completed. (0x12B)
[0701/183732.230:WARNING:pe_image_reader.cc(340)] could not read dos header from C:\WINDOWS\SYSTEM32\CRYPTBASE.DLL
[0701/183732.230:ERROR:process_memory_win.cc(73)] ReadMemory at 0x7ff6ed420000 of 64 bytes failed: Only part of a ReadProcessMemory or WriteProcessMemory request was completed. (0x12B)
[0701/183732.230:WARNING:pe_image_reader.cc(340)] could not read dos header from C:\Program Files (x86)\Google\Chrome\Application\chrome.exe
[0701/183732.230:ERROR:process_memory_win.cc(73)] ReadMemory at 0x7ffea47e0000 of 64 bytes failed: Only part of a ReadProcessMemory or WriteProcessMemory request was completed. (0x12B)
[0701/183732.230:WARNING:pe_image_reader.cc(340)] could not read dos header from C:\WINDOWS\SYSTEM32\ntdll.dll
[0701/183732.230:ERROR:process_memory_win.cc(73)] ReadMemory at 0x7ffea45c0000 of 64 bytes failed: Only part of a ReadProcessMemory or WriteProcessMemory request was completed. (0x12B)
[0701/183732.230:WARNING:pe_image_reader.cc(340)] could not read dos header from C:\WINDOWS\System32\KERNEL32.DLL
[0701/183732.230:ERROR:process_memory_win.cc(73)] ReadMemory at 0x7ffea2070000 of 64 bytes failed: Only part of a ReadProcessMemory or WriteProcessMemory request was completed. (0x12B)
[0701/183732.230:WARNING:pe_image_reader.cc(340)] could not read dos header from C:\WINDOWS\System32\KERNELBASE.dll
[0701/183732.230:ERROR:process_memory_win.cc(73)] ReadMemory at 0x7ffe6ebe0000 of 64 bytes failed: Only part of a ReadProcessMemory or WriteProcessMemory request was completed. (0x12B)
[0701/183732.230:WARNING:pe_image_reader.cc(340)] could not read dos header from C:\Program Files (x86)\Google\Chrome\Application\83.0.4103.116\chrome_elf.dll
[0701/183732.230:ERROR:process_memory_win.cc(73)] ReadMemory at 0x7ffe9c3c0000 of 64 bytes failed: Only part of a ReadProcessMemory or WriteProcessMemory request was completed. (0x12B)
[0701/183732.230:WARNING:pe_image_reader.cc(340)] could not read dos header from C:\WINDOWS\SYSTEM32\VERSION.dll
[0701/183732.230:ERROR:process_memory_win.cc(73)] ReadMemory at 0x7ffea3720000 of 64 bytes failed: Only part of a ReadProcessMemory or WriteProcessMemory request was completed. (0x12B)
[0701/183732.230:WARNING:pe_image_reader.cc(340)] could not read dos header from C:\WINDOWS\System32\msvcrt.dll
[0701/183732.230:ERROR:process_memory_win.cc(73)] ReadMemory at 0x7ffea2370000 of 64 bytes failed: Only part of a ReadProcessMemory or WriteProcessMemory request was completed. (0x12B)
[0701/183732.230:WARNING:pe_image_reader.cc(340)] could not read dos header from C:\WINDOWS\System32\bcryptPrimitives.dll
[0701/183732.230:ERROR:process_memory_win.cc(73)] ReadMemory at 0x7ffea4030000 of 64 bytes failed: Only part of a ReadProcessMemory or WriteProcessMemory request was completed. (0x12B)
[0701/183732.230:WARNING:pe_image_reader.cc(340)] could not read dos header from C:\WINDOWS\System32\ADVAPI32.dll
[0701/183732.230:ERROR:process_memory_win.cc(73)] ReadMemory at 0x7ffea33d0000 of 64 bytes failed: Only part of a ReadProcessMemory or WriteProcessMemory request was completed. (0x12B)
[0701/183732.230:WARNING:pe_image_reader.cc(340)] could not read dos header from C:\WINDOWS\System32\sechost.dll
[0701/183732.230:ERROR:process_memory_win.cc(73)] ReadMemory at 0x2dfa1860000 of 64 bytes failed: Only part of a ReadProcessMemory or WriteProcessMemory request was completed. (0x12B)
[0701/183732.230:WARNING:pe_image_reader.cc(340)] could not read dos header from C:\WINDOWS\System32\RPCRT4.dll
[0701/183732.230:ERROR:process_memory_win.cc(73)] ReadMemory at 0x7ffe2abe0000 of 64 bytes failed: Only part of a ReadProcessMemory or WriteProcessMemory request was completed. (0x12B)
[0701/183732.230:WARNING:pe_image_reader.cc(340)] could not read dos header from C:\Program Files (x86)\Google\Chrome\Application\83.0.4103.116\chrome.dll
[0701/183732.231:ERROR:process_memory_win.cc(73)] ReadMemory at 0x7ffea40e0000 of 64 bytes failed: Only part of a ReadProcessMemory or WriteProcessMemory request was completed. (0x12B)
[0701/183732.231:WARNING:pe_image_reader.cc(340)] could not read dos header from C:\WINDOWS\System32\WS2_32.dll
[0701/183732.231:ERROR:process_memory_win.cc(73)] ReadMemory at 0x7ffea3480000 of 64 bytes failed: Only part of a ReadProcessMemory or WriteProcessMemory request was completed. (0x12B)
[0701/183732.231:WARNING:pe_image_reader.cc(340)] could not read dos header from C:\WINDOWS\System32\OLEAUT32.dll
[0701/183732.231:ERROR:process_memory_win.cc(73)] ReadMemory at 0x7ffea1fd0000 of 64 bytes failed: Only part of a ReadProcessMemory or WriteProcessMemory request was completed. (0x12B)
[0701/183732.231:WARNING:pe_image_reader.cc(340)] could not read dos header from C:\WINDOWS\System32\msvcp_win.dll
[0701/183732.231:ERROR:process_memory_win.cc(73)] ReadMemory at 0x7ffea23f0000 of 64 bytes failed: Only part of a ReadProcessMemory or WriteProcessMemory request was completed. (0x12B)
[0701/183732.231:WARNING:pe_image_reader.cc(340)] could not read dos header from C:\WINDOWS\System32\ucrtbase.dll
[0701/183732.231:ERROR:process_memory_win.cc(73)] ReadMemory at 0x7ffea2f80000 of 64 bytes failed: Only part of a ReadProcessMemory or WriteProcessMemory request was completed. (0x12B)
[0701/183732.231:WARNING:pe_image_reader.cc(340)] could not read dos header from C:\WINDOWS\System32\combase.dll
[0701/183732.231:ERROR:process_memory_win.cc(73)] ReadMemory at 0x7ffea1f50000 of 64 bytes failed: Only part of a ReadProcessMemory or WriteProcessMemory request was completed. (0x12B)
[0701/183732.231:WARNING:pe_image_reader.cc(340)] could not read dos header from C:\WINDOWS\System32\WINTRUST.dll
[0701/183732.231:ERROR:process_memory_win.cc(73)] ReadMemory at 0x7ffea16b0000 of 64 bytes failed: Only part of a ReadProcessMemory or WriteProcessMemory request was completed. (0x12B)
[0701/183732.231:WARNING:pe_image_reader.cc(340)] could not read dos header from C:\WINDOWS\System32\MSASN1.dll
[0701/183732.231:ERROR:process_memory_win.cc(73)] ReadMemory at 0x7ffea24f0000 of 64 bytes failed: Only part of a ReadProcessMemory or WriteProcessMemory request was completed. (0x12B)
[0701/183732.231:WARNING:pe_image_reader.cc(340)] could not read dos header from C:\WINDOWS\System32\CRYPT32.dll
[0701/183732.232:ERROR:process_memory_win.cc(73)] ReadMemory at 0x7ffea0c20000 of 64 bytes failed: Only part of a ReadProcessMemory or WriteProcessMemory request was completed. (0x12B)
[0701/183732.232:WARNING:pe_image_reader.cc(340)] could not read dos header from C:\WINDOWS\SYSTEM32\IPHLPAPI.DLL
[0701/183732.232:ERROR:process_memory_win.cc(73)] ReadMemory at 0x7ffe8b5c0000 of 64 bytes failed: Only part of a ReadProcessMemory or WriteProcessMemory request was completed. (0x12B)
[0701/183732.232:WARNING:pe_image_reader.cc(340)] could not read dos header from C:\WINDOWS\SYSTEM32\WINMM.dll
[0701/183732.232:ERROR:process_memory_win.cc(73)] ReadMemory at 0x7ffe997d0000 of 64 bytes failed: Only part of a ReadProcessMemory or WriteProcessMemory request was completed. (0x12B)
[0701/183732.232:WARNING:pe_image_reader.cc(340)] could not read dos header from C:\WINDOWS\SYSTEM32\Secur32.dll
[0701/183732.232:ERROR:process_memory_win.cc(73)] ReadMemory at 0x7ffea15c0000 of 64 bytes failed: Only part of a ReadProcessMemory or WriteProcessMemory request was completed. (0x12B)
[0701/183732.232:WARNING:pe_image_reader.cc(340)] could not read dos header from C:\WINDOWS\SYSTEM32\USERENV.dll
[0701/183732.232:ERROR:process_memory_win.cc(73)] ReadMemory at 0x7ffea16d0000 of 64 bytes failed: Only part of a ReadProcessMemory or WriteProcessMemory request was completed. (0x12B)
[0701/183732.232:WARNING:pe_image_reader.cc(340)] could not read dos header from C:\WINDOWS\System32\profapi.dll
[0701/183732.232:ERROR:process_memory_win.cc(73)] ReadMemory at 0x7ffe6c3f0000 of 64 bytes failed: Only part of a ReadProcessMemory or WriteProcessMemory request was completed. (0x12B)
[0701/183732.232:WARNING:pe_image_reader.cc(340)] could not read dos header from C:\WINDOWS\SYSTEM32\UIAutomationCore.DLL
[0701/183732.232:ERROR:process_memory_win.cc(73)] ReadMemory at 0x7ffe753c0000 of 64 bytes failed: Only part of a ReadProcessMemory or WriteProcessMemory request was completed. (0x12B)
[0701/183732.232:WARNING:pe_image_reader.cc(340)] could not read dos header from C:\WINDOWS\SYSTEM32\DWrite.dll
[0701/183732.232:ERROR:process_memory_win.cc(73)] ReadMemory at 0x7ffe92600000 of 64 bytes failed: Only part of a ReadProcessMemory or WriteProcessMemory request was completed. (0x12B)
[0701/183732.232:WARNING:pe_image_reader.cc(340)] could not read dos header from C:\WINDOWS\SYSTEM32\WINSPOOL.DRV
[0701/183732.232:ERROR:process_memory_win.cc(73)] ReadMemory at 0x7ffea1750000 of 64 bytes failed: Only part of a ReadProcessMemory or WriteProcessMemory request was completed. (0x12B)
[0701/183732.232:WARNING:pe_image_reader.cc(340)] could not read dos header from C:\WINDOWS\System32\kernel.appcore.dll
[0701/183732.232:ERROR:process_memory_win.cc(73)] ReadMemory at 0x7ffea1770000 of 64 bytes failed: Only part of a ReadProcessMemory or WriteProcessMemory request was completed. (0x12B)
[0701/183732.232:WARNING:pe_image_reader.cc(340)] could not read dos header from C:\WINDOWS\System32\bcrypt.dll
[0701/183732.233:ERROR:process_memory_win.cc(73)] ReadMemory at 0x7ffe9b350000 of 64 bytes failed: Only part of a ReadProcessMemory or WriteProcessMemory request was completed. (0x12B)
[0701/183732.233:WARNING:pe_image_reader.cc(340)] could not read dos header from C:\WINDOWS\SYSTEM32\dbghelp.dll
[0701/183732.233:ERROR:process_memory_win.cc(73)] ReadMemory at 0x7ffe9bdd0000 of 64 bytes failed: Only part of a ReadProcessMemory or WriteProcessMemory request was completed. (0x12B)
[0701/183732.233:WARNING:pe_image_reader.cc(340)] could not read dos header from C:\WINDOWS\SYSTEM32\WINHTTP.dll
[0701/183732.233:ERROR:process_memory_win.cc(73)] ReadMemory at 0x7ffe9c870000 of 64 bytes failed: Only part of a ReadProcessMemory or WriteProcessMemory request was completed. (0x12B)
[0701/183732.233:WARNING:pe_image_reader.cc(340)] could not read dos header from C:\WINDOWS\SYSTEM32\dhcpcsvc.DLL
[0701/183732.233:ERROR:process_memory_win.cc(73)] ReadMemory at 0x7ffea3470000 of 64 bytes failed: Only part of a ReadProcessMemory or WriteProcessMemory request was completed. (0x12B)
[0701/183732.233:WARNING:pe_image_reader.cc(340)] could not read dos header from C:\WINDOWS\System32\NSI.dll
[0701/183732.233:ERROR:process_memory_win.cc(73)] ReadMemory at 0x7ffe8b520000 of 64 bytes failed: Only part of a ReadProcessMemory or WriteProcessMemory request was completed. (0x12B)
[0701/183732.233:WARNING:pe_image_reader.cc(340)] could not read dos header from C:\WINDOWS\SYSTEM32\WINMMBASE.dll
[0701/183732.233:ERROR:process_memory_win.cc(73)] ReadMemory at 0x7ffea2320000 of 64 bytes failed: Only part of a ReadProcessMemory or WriteProcessMemory request was completed. (0x12B)
[0701/183732.233:WARNING:pe_image_reader.cc(340)] could not read dos header from C:\WINDOWS\System32\cfgmgr32.dll
[0701/183732.233:ERROR:process_memory_win.cc(73)] ReadMemory at 0x7ffea0160000 of 64 bytes failed: Only part of a ReadProcessMemory or WriteProcessMemory request was completed. (0x12B)
[0701/183732.233:WARNING:pe_image_reader.cc(340)] could not read dos header from C:\WINDOWS\SYSTEM32\PROPSYS.dll
[0701/183732.233:ERROR:process_memory_win.cc(73)] ReadMemory at 0x7ffea3f50000 of 64 bytes failed: Only part of a ReadProcessMemory or WriteProcessMemory request was completed. (0x12B)
[0701/183732.233:WARNING:pe_image_reader.cc(340)] could not read dos header from C:\WINDOWS\System32\shcore.dll
[0701/183732.233:ERROR:process_memory_win.cc(73)] ReadMemory at 0x7ffea1590000 of 64 bytes failed: Only part of a ReadProcessMemory or WriteProcessMemory request was completed. (0x12B)
[0701/183732.233:WARNING:pe_image_reader.cc(340)] could not read dos header from C:\WINDOWS\SYSTEM32\SSPICLI.DLL
[0701/183732.233:ERROR:process_memory_win.cc(73)] ReadMemory at 0x7ffea10e0000 of 64 bytes failed: Only part of a ReadProcessMemory or WriteProcessMemory request was completed. (0x12B)
[0701/183732.233:WARNING:pe_image_reader.cc(340)] could not read dos header from C:\WINDOWS\SYSTEM32\CRYPTBASE.DLL
[0701/183732.249:ERROR:process_memory_win.cc(73)] ReadMemory at 0xe5abbf9000 of 28672 bytes failed: Only part of a ReadProcessMemory or WriteProcessMemory request was completed. (0x12B)
[0701/183732.249:ERROR:process_memory_win.cc(73)] ReadMemory at 0xe5ac3fd000 of 12288 bytes failed: Only part of a ReadProcessMemory or WriteProcessMemory request was completed. (0x12B)
[0701/183732.249:ERROR:process_memory_win.cc(73)] ReadMemory at 0xe5acbfd000 of 12288 bytes failed: Only part of a ReadProcessMemory or WriteProcessMemory request was completed. (0x12B)
[0701/183732.249:ERROR:process_memory_win.cc(73)] ReadMemory at 0xe5ad3fc000 of 16384 bytes failed: Only part of a ReadProcessMemory or WriteProcessMemory request was completed. (0x12B)
[0701/183732.249:ERROR:process_memory_win.cc(73)] ReadMemory at 0xe5adbfc000 of 16384 bytes failed: Only part of a ReadProcessMemory or WriteProcessMemory request was completed. (0x12B)
[0701/183732.250:ERROR:process_memory_win.cc(73)] ReadMemory at 0xe5ae3ff000 of 4096 bytes failed: Only part of a ReadProcessMemory or WriteProcessMemory request was completed. (0x12B)
[0701/183732.250:ERROR:process_memory_win.cc(73)] ReadMemory at 0xe5aebfd000 of 12288 bytes failed: Only part of a ReadProcessMemory or WriteProcessMemory request was completed. (0x12B)
[0701/183732.250:ERROR:process_memory_win.cc(73)] ReadMemory at 0xe5af3fd000 of 12288 bytes failed: Only part of a ReadProcessMemory or WriteProcessMemory request was completed. (0x12B)
[0701/183732.250:ERROR:process_memory_win.cc(73)] ReadMemory at 0xe5ab359000 of 852 bytes failed: Only part of a ReadProcessMemory or WriteProcessMemory request was completed. (0x12B)
[0701/183732.251:ERROR:process_memory_win.cc(73)] ReadMemory at 0xe5ab35a000 of 6024 bytes failed: Only part of a ReadProcessMemory or WriteProcessMemory request was completed. (0x12B)
[0701/183732.251:ERROR:process_memory_win.cc(73)] ReadMemory at 0xe5ab35c000 of 6024 bytes failed: Only part of a ReadProcessMemory or WriteProcessMemory request was completed. (0x12B)
[0701/183732.251:ERROR:process_memory_win.cc(73)] ReadMemory at 0xe5ab35e000 of 6024 bytes failed: Only part of a ReadProcessMemory or WriteProcessMemory request was completed. (0x12B)
[0701/183732.251:ERROR:process_memory_win.cc(73)] ReadMemory at 0xe5ab360000 of 6024 bytes failed: Only part of a ReadProcessMemory or WriteProcessMemory request was completed. (0x12B)
[0701/183732.251:ERROR:process_memory_win.cc(73)] ReadMemory at 0xe5ab362000 of 6024 bytes failed: Only part of a ReadProcessMemory or WriteProcessMemory request was completed. (0x12B)
[0701/183732.251:ERROR:process_memory_win.cc(73)] ReadMemory at 0xe5ab364000 of 6024 bytes failed: Only part of a ReadProcessMemory or WriteProcessMemory request was completed. (0x12B)
[0701/183732.251:ERROR:process_memory_win.cc(73)] ReadMemory at 0xe5ab366000 of 6024 bytes failed: Only part of a ReadProcessMemory or WriteProcessMemory request was completed. (0x12B)
[0701/183732.251:ERROR:process_memory_win.cc(73)] ReadMemory at 0xe5ab368000 of 6024 bytes failed: Only part of a ReadProcessMemory or WriteProcessMemory request was completed. (0x12B)
[0701/183732.251:ERROR:process_memory_win.cc(73)] ReadMemory at 0x2dfa11a0750 of 80 bytes failed: Only part of a ReadProcessMemory or WriteProcessMemory request was completed. (0x12B)
[0701/183732.251:ERROR:process_memory_win.cc(73)] ReadMemory at 0x2dfa11a0fe0 of 5238 bytes failed: Only part of a ReadProcessMemory or WriteProcessMemory request was completed. (0x12B)
[0701/183732.251:ERROR:process_memory_win.cc(73)] ReadMemory at 0x2dfa11a2460 of 1012 bytes failed: Only part of a ReadProcessMemory or WriteProcessMemory request was completed. (0x12B)
[0701/183732.251:ERROR:process_memory_win.cc(73)] ReadMemory at 0x2dfa11a2aa8 of 118 bytes failed: Only part of a ReadProcessMemory or WriteProcessMemory request was completed. (0x12B)
[0701/183732.252:ERROR:process_memory_win.cc(73)] ReadMemory at 0x2dfa11a2b20 of 762 bytes failed: Only part of a ReadProcessMemory or WriteProcessMemory request was completed. (0x12B)
[0701/183732.252:ERROR:process_memory_win.cc(73)] ReadMemory at 0x2dfa11a2e1c of 118 bytes failed: Only part of a ReadProcessMemory or WriteProcessMemory request was completed. (0x12B)
[0701/183732.252:ERROR:process_memory_win.cc(73)] ReadMemory at 0x2dfa11a2e94 of 96 bytes failed: Only part of a ReadProcessMemory or WriteProcessMemory request was completed. (0x12B)
[0701/183732.252:ERROR:process_memory_win.cc(73)] ReadMemory at 0x2dfa11a2f00 of 58 bytes failed: Only part of a ReadProcessMemory or WriteProcessMemory request was completed. (0x12B)
[0701/183732.252:ERROR:process_memory_win.cc(73)] ReadMemory at 0x2dfa11a3000 of 132 bytes failed: Only part of a ReadProcessMemory or WriteProcessMemory request was completed. (0x12B)
[0701/183732.252:ERROR:process_memory_win.cc(73)] ReadMemory at 0x2dfa11a3190 of 132 bytes failed: Only part of a ReadProcessMemory or WriteProcessMemory request was completed. (0x12B)
[0701/183732.252:ERROR:process_memory_win.cc(73)] ReadMemory at 0x2dfa11a3350 of 126 bytes failed: Only part of a ReadProcessMemory or WriteProcessMemory request was completed. (0x12B)
[0701/183732.252:ERROR:process_memory_win.cc(73)] ReadMemory at 0x2dfa11a3730 of 132 bytes failed: Only part of a ReadProcessMemory or WriteProcessMemory request was completed. (0x12B)
[0701/183732.252:ERROR:process_memory_win.cc(73)] ReadMemory at 0x2dfa11a38c0 of 64 bytes failed: Only part of a ReadProcessMemory or WriteProcessMemory request was completed. (0x12B)
[0701/183732.252:ERROR:process_memory_win.cc(73)] ReadMemory at 0x2dfa11a3910 of 132 bytes failed: Only part of a ReadProcessMemory or WriteProcessMemory request was completed. (0x12B)
[0701/183732.252:ERROR:process_memory_win.cc(73)] ReadMemory at 0x2dfa11a3d20 of 132 bytes failed: Only part of a ReadProcessMemory or WriteProcessMemory request was completed. (0x12B)
[0701/183732.252:ERROR:process_memory_win.cc(73)] ReadMemory at 0x2dfa11a3eb0 of 68 bytes failed: Only part of a ReadProcessMemory or WriteProcessMemory request was completed. (0x12B)
[0701/183732.252:ERROR:process_memory_win.cc(73)] ReadMemory at 0x2dfa11a4ea0 of 132 bytes failed: Only part of a ReadProcessMemory or WriteProcessMemory request was completed. (0x12B)
[0701/183732.252:ERROR:process_memory_win.cc(73)] ReadMemory at 0x2dfa11a4fd0 of 132 bytes failed: Only part of a ReadProcessMemory or WriteProcessMemory request was completed. (0x12B)
[0701/183732.253:ERROR:process_memory_win.cc(73)] ReadMemory at 0x2dfa11a5100 of 154 bytes failed: Only part of a ReadProcessMemory or WriteProcessMemory request was completed. (0x12B)
[0701/183732.253:ERROR:process_memory_win.cc(73)] ReadMemory at 0x2dfa11a5f20 of 132 bytes failed: Only part of a ReadProcessMemory or WriteProcessMemory request was completed. (0x12B)
[0701/183732.253:ERROR:process_memory_win.cc(73)] ReadMemory at 0x2dfa11a6df0 of 60 bytes failed: Only part of a ReadProcessMemory or WriteProcessMemory request was completed. (0x12B)
[0701/183732.253:ERROR:process_memory_win.cc(73)] ReadMemory at 0x2dfa11a6e40 of 62 bytes failed: Only part of a ReadProcessMemory or WriteProcessMemory request was completed. (0x12B)
[0701/183732.253:ERROR:process_memory_win.cc(73)] ReadMemory at 0x2dfa11a83b0 of 132 bytes failed: Only part of a ReadProcessMemory or WriteProcessMemory request was completed. (0x12B)
[0701/183732.253:ERROR:process_memory_win.cc(73)] ReadMemory at 0x2dfa11a87a0 of 132 bytes failed: Only part of a ReadProcessMemory or WriteProcessMemory request was completed. (0x12B)
[0701/183732.253:ERROR:process_memory_win.cc(73)] ReadMemory at 0x2dfa11ab6a0 of 64 bytes failed: Only part of a ReadProcessMemory or WriteProcessMemory request was completed. (0x12B)
[0701/183732.253:ERROR:process_memory_win.cc(73)] ReadMemory at 0x2dfa11ab8d0 of 60 bytes failed: Only part of a ReadProcessMemory or WriteProcessMemory request was completed. (0x12B)
[0701/183732.253:ERROR:process_memory_win.cc(73)] ReadMemory at 0x2dfa11ab970 of 62 bytes failed: Only part of a ReadProcessMemory or WriteProcessMemory request was completed. (0x12B)
[0701/183732.253:ERROR:process_memory_win.cc(73)] ReadMemory at 0x2dfa11ab9c0 of 60 bytes failed: Only part of a ReadProcessMemory or WriteProcessMemory request was completed. (0x12B)
[0701/183732.253:ERROR:process_memory_win.cc(73)] ReadMemory at 0x2dfa11aba10 of 66 bytes failed: Only part of a ReadProcessMemory or WriteProcessMemory request was completed. (0x12B)
[0701/183732.254:ERROR:process_memory_win.cc(73)] ReadMemory at 0x2dfa11aba60 of 64 bytes failed: Only part of a ReadProcessMemory or WriteProcessMemory request was completed. (0x12B)
[0701/183732.254:ERROR:process_memory_win.cc(73)] ReadMemory at 0x2dfa11abab0 of 62 bytes failed: Only part of a ReadProcessMemory or WriteProcessMemory request was completed. (0x12B)
[0701/183732.254:ERROR:process_memory_win.cc(73)] ReadMemory at 0x2dfa11abb50 of 64 bytes failed: Only part of a ReadProcessMemory or WriteProcessMemory request was completed. (0x12B)
[0701/183732.255:ERROR:process_memory_win.cc(73)] ReadMemory at 0x2dfa11abc40 of 64 bytes failed: Only part of a ReadProcessMemory or WriteProcessMemory request was completed. (0x12B)
[0701/183732.255:ERROR:process_memory_win.cc(73)] ReadMemory at 0x2dfa11ac6c0 of 132 bytes failed: Only part of a ReadProcessMemory or WriteProcessMemory request was completed. (0x12B)
[0701/183732.255:ERROR:process_memory_win.cc(73)] ReadMemory at 0x2dfa11ac7f0 of 132 bytes failed: Only part of a ReadProcessMemory or WriteProcessMemory request was completed. (0x12B)
[0701/183732.255:ERROR:process_memory_win.cc(73)] ReadMemory at 0x2dfa11ac920 of 132 bytes failed: Only part of a ReadProcessMemory or WriteProcessMemory request was completed. (0x12B)
[0701/183732.255:ERROR:process_memory_win.cc(73)] ReadMemory at 0x2dfa11aca50 of 132 bytes failed: Only part of a ReadProcessMemory or WriteProcessMemory request was completed. (0x12B)
[0701/183732.255:ERROR:process_memory_win.cc(73)] ReadMemory at 0x2dfa11acb80 of 132 bytes failed: Only part of a ReadProcessMemory or WriteProcessMemory request was completed. (0x12B)
[0701/183732.255:ERROR:process_memory_win.cc(73)] ReadMemory at 0x2dfa11acde0 of 132 bytes failed: Only part of a ReadProcessMemory or WriteProcessMemory request was completed. (0x12B)
[0701/183732.255:ERROR:process_memory_win.cc(73)] ReadMemory at 0x2dfa11acf10 of 132 bytes failed: Only part of a ReadProcessMemory or WriteProcessMemory request was completed. (0x12B)
[0701/183732.256:ERROR:process_memory_win.cc(73)] ReadMemory at 0x2dfa11ad040 of 132 bytes failed: Only part of a ReadProcessMemory or WriteProcessMemory request was completed. (0x12B)
[0701/183732.256:ERROR:process_memory_win.cc(73)] ReadMemory at 0x2dfa11ad170 of 132 bytes failed: Only part of a ReadProcessMemory or WriteProcessMemory request was completed. (0x12B)
[0701/183732.256:ERROR:process_memory_win.cc(73)] ReadMemory at 0x2dfa11ad2a0 of 132 bytes failed: Only part of a ReadProcessMemory or WriteProcessMemory request was completed. (0x12B)
[0701/183732.256:ERROR:process_memory_win.cc(73)] ReadMemory at 0x2dfa11ad3d0 of 132 bytes failed: Only part of a ReadProcessMemory or WriteProcessMemory request was completed. (0x12B)
[0701/183732.256:ERROR:process_memory_win.cc(73)] ReadMemory at 0x2dfa11ad500 of 132 bytes failed: Only part of a ReadProcessMemory or WriteProcessMemory request was completed. (0x12B)
[0701/183732.256:ERROR:process_memory_win.cc(73)] ReadMemory at 0x2dfa11af360 of 132 bytes failed: Only part of a ReadProcessMemory or WriteProcessMemory request was completed. (0x12B)
[0701/183732.256:ERROR:process_memory_win.cc(73)] ReadMemory at 0x2dfa11af490 of 132 bytes failed: Only part of a ReadProcessMemory or WriteProcessMemory request was completed. (0x12B)
[0701/183732.256:ERROR:process_memory_win.cc(73)] ReadMemory at 0x2dfa11b0350 of 132 bytes failed: Only part of a ReadProcessMemory or WriteProcessMemory request was completed. (0x12B)
[0701/183732.256:ERROR:process_memory_win.cc(73)] ReadMemory at 0x2dfa11b0480 of 132 bytes failed: Only part of a ReadProcessMemory or WriteProcessMemory request was completed. (0x12B)
[0701/183732.256:ERROR:process_memory_win.cc(73)] ReadMemory at 0x2dfa11b1f50 of 146 bytes failed: Only part of a ReadProcessMemory or WriteProcessMemory request was completed. (0x12B)
[0701/183732.256:ERROR:process_memory_win.cc(73)] ReadMemory at 0x2dfa11b44d0 of 54 bytes failed: Only part of a ReadProcessMemory or WriteProcessMemory request was completed. (0x12B)
[0701/183732.257:ERROR:process_memory_win.cc(73)] ReadMemory at 0x2dfa11b4a10 of 132 bytes failed: Only part of a ReadProcessMemory or WriteProcessMemory request was completed. (0x12B)
[0701/183732.257:ERROR:process_memory_win.cc(73)] ReadMemory at 0x2dfa11b4b40 of 132 bytes failed: Only part of a ReadProcessMemory or WriteProcessMemory request was completed. (0x12B)
[0701/183732.257:ERROR:process_memory_win.cc(73)] ReadMemory at 0x2dfa11b4d60 of 132 bytes failed: Only part of a ReadProcessMemory or WriteProcessMemory request was completed. (0x12B)
[0701/183732.257:ERROR:process_memory_win.cc(73)] ReadMemory at 0x2dfa11b5500 of 80 bytes failed: Only part of a ReadProcessMemory or WriteProcessMemory request was completed. (0x12B)
[0701/183732.257:ERROR:process_memory_win.cc(73)] ReadMemory at 0x2dfa11b5d40 of 76 bytes failed: Only part of a ReadProcessMemory or WriteProcessMemory request was completed. (0x12B)
[0701/183732.257:ERROR:process_memory_win.cc(73)] ReadMemory at 0x2dfa11b6030 of 64 bytes failed: Only part of a ReadProcessMemory or WriteProcessMemory request was completed. (0x12B)
[0701/183732.257:ERROR:process_memory_win.cc(73)] ReadMemory at 0x2dfa11b6080 of 62 bytes failed: Only part of a ReadProcessMemory or WriteProcessMemory request was completed. (0x12B)
[0701/183732.257:ERROR:process_memory_win.cc(73)] ReadMemory at 0x2dfa11b63f0 of 60 bytes failed: Only part of a ReadProcessMemory or WriteProcessMemory request was completed. (0x12B)
[0701/183732.257:ERROR:process_memory_win.cc(73)] ReadMemory at 0x2dfa11b65d0 of 58 bytes failed: Only part of a ReadProcessMemory or WriteProcessMemory request was completed. (0x12B)
[0701/183732.257:ERROR:process_memory_win.cc(73)] ReadMemory at 0x2dfa11b6620 of 62 bytes failed: Only part of a ReadProcessMemory or WriteProcessMemory request was completed. (0x12B)
[0701/183732.258:ERROR:process_memory_win.cc(73)] ReadMemory at 0x2dfa11b66c0 of 60 bytes failed: Only part of a ReadProcessMemory or WriteProcessMemory request was completed. (0x12B)
[0701/183732.258:ERROR:process_memory_win.cc(73)] ReadMemory at 0x2dfa11b67b0 of 62 bytes failed: Only part of a ReadProcessMemory or WriteProcessMemory request was completed. (0x12B)
[0701/183732.259:ERROR:process_memory_win.cc(73)] ReadMemory at 0x2dfa11b6850 of 64 bytes failed: Only part of a ReadProcessMemory or WriteProcessMemory request was completed. (0x12B)
[0701/183732.259:ERROR:process_memory_win.cc(73)] ReadMemory at 0x2dfa11b68a0 of 62 bytes failed: Only part of a ReadProcessMemory or WriteProcessMemory request was completed. (0x12B)
[0701/183732.259:ERROR:process_memory_win.cc(73)] ReadMemory at 0x2dfa11b6990 of 66 bytes failed: Only part of a ReadProcessMemory or WriteProcessMemory request was completed. (0x12B)
[0701/183732.259:ERROR:process_memory_win.cc(73)] ReadMemory at 0x2dfa11b6a80 of 60 bytes failed: Only part of a ReadProcessMemory or WriteProcessMemory request was completed. (0x12B)
[0701/183732.259:ERROR:process_memory_win.cc(73)] ReadMemory at 0x2dfa11b6ad0 of 62 bytes failed: Only part of a ReadProcessMemory or WriteProcessMemory request was completed. (0x12B)
[0701/183732.260:ERROR:process_memory_win.cc(73)] ReadMemory at 0x2dfa11b6b20 of 62 bytes failed: Only part of a ReadProcessMemory or WriteProcessMemory request was completed. (0x12B)
[0701/183732.260:ERROR:process_memory_win.cc(73)] ReadMemory at 0x2dfa11b6c10 of 62 bytes failed: Only part of a ReadProcessMemory or WriteProcessMemory request was completed. (0x12B)
[0701/183732.260:ERROR:process_memory_win.cc(73)] ReadMemory at 0x2dfa11b6c60 of 64 bytes failed: Only part of a ReadProcessMemory or WriteProcessMemory request was completed. (0x12B)
[0701/183732.260:ERROR:process_memory_win.cc(73)] ReadMemory at 0x2dfa11b6cb0 of 62 bytes failed: Only part of a ReadProcessMemory or WriteProcessMemory request was completed. (0x12B)
[0701/183732.260:ERROR:process_memory_win.cc(73)] ReadMemory at 0x2dfa11b6e90 of 60 bytes failed: Only part of a ReadProcessMemory or WriteProcessMemory request was completed. (0x12B)
[0701/183732.260:ERROR:process_memory_win.cc(73)] ReadMemory at 0x2dfa11b6ee0 of 64 bytes failed: Only part of a ReadProcessMemory or WriteProcessMemory request was completed. (0x12B)
[0701/183732.260:ERROR:process_memory_win.cc(73)] ReadMemory at 0x2dfa11b72a0 of 132 bytes failed: Only part of a ReadProcessMemory or WriteProcessMemory request was completed. (0x12B)
[0701/183732.260:ERROR:process_memory_win.cc(73)] ReadMemory at 0x2dfa11b7630 of 132 bytes failed: Only part of a ReadProcessMemory or WriteProcessMemory request was completed. (0x12B)
[0701/183732.261:ERROR:process_memory_win.cc(73)] ReadMemory at 0x2dfa11b7af0 of 132 bytes failed: Only part of a ReadProcessMemory or WriteProcessMemory request was completed. (0x12B)
[0701/183732.261:ERROR:process_memory_win.cc(73)] ReadMemory at 0x2dfa11b7c20 of 132 bytes failed: Only part of a ReadProcessMemory or WriteProcessMemory request was completed. (0x12B)
[0701/183732.261:ERROR:process_memory_win.cc(73)] ReadMemory at 0x2dfa11b7fb0 of 132 bytes failed: Only part of a ReadProcessMemory or WriteProcessMemory request was completed. (0x12B)
[0701/183732.261:ERROR:process_memory_win.cc(73)] ReadMemory at 0x2dfa11b80e0 of 132 bytes failed: Only part of a ReadProcessMemory or WriteProcessMemory request was completed. (0x12B)
[0701/183732.261:ERROR:process_memory_win.cc(73)] ReadMemory at 0x2dfa11b8340 of 132 bytes failed: Only part of a ReadProcessMemory or WriteProcessMemory request was completed. (0x12B)
[0701/183732.261:ERROR:process_memory_win.cc(73)] ReadMemory at 0x2dfa11b86d0 of 132 bytes failed: Only part of a ReadProcessMemory or WriteProcessMemory request was completed. (0x12B)
[0701/183732.262:ERROR:process_memory_win.cc(73)] ReadMemory at 0x2dfa11b8a60 of 132 bytes failed: Only part of a ReadProcessMemory or WriteProcessMemory request was completed. (0x12B)
[0701/183732.262:ERROR:process_memory_win.cc(73)] ReadMemory at 0x2dfa11b8cc0 of 132 bytes failed: Only part of a ReadProcessMemory or WriteProcessMemory request was completed. (0x12B)
[0701/183732.262:ERROR:process_memory_win.cc(73)] ReadMemory at 0x2dfa11cd020 of 512 bytes failed: Only part of a ReadProcessMemory or WriteProcessMemory request was completed. (0x12B)
[0701/183732.262:ERROR:process_memory_win.cc(73)] ReadMemory at 0x2dfa11cdf90 of 512 bytes failed: Only part of a ReadProcessMemory or WriteProcessMemory request was completed. (0x12B)
[0701/183732.262:ERROR:process_memory_win.cc(73)] ReadMemory at 0x2dfa1371000 of 512 bytes failed: Only part of a ReadProcessMemory or WriteProcessMemory request was completed. (0x12B)
[0701/183732.263:ERROR:process_memory_win.cc(73)] ReadMemory at 0x2dfa1371d80 of 512 bytes failed: Only part of a ReadProcessMemory or WriteProcessMemory request was completed. (0x12B)
[0701/183732.263:ERROR:process_memory_win.cc(73)] ReadMemory at 0x2dfa19c5180 of 512 bytes failed: Only part of a ReadProcessMemory or WriteProcessMemory request was completed. (0x12B)
[0701/183732.263:ERROR:process_memory_win.cc(73)] ReadMemory at 0x2dfa19cdf18 of 512 bytes failed: Only part of a ReadProcessMemory or WriteProcessMemory request was completed. (0x12B)
[0701/183732.264:ERROR:process_memory_win.cc(73)] ReadMemory at 0x2dfa19ed900 of 512 bytes failed: Only part of a ReadProcessMemory or WriteProcessMemory request was completed. (0x12B)
[0701/183732.264:ERROR:process_memory_win.cc(73)] ReadMemory at 0x2dfa319d048 of 512 bytes failed: Only part of a ReadProcessMemory or WriteProcessMemory request was completed. (0x12B)
[0701/183732.264:ERROR:process_memory_win.cc(73)] ReadMemory at 0x2dfa319f5a0 of 512 bytes failed: Only part of a ReadProcessMemory or WriteProcessMemory request was completed. (0x12B)
[0701/183732.264:ERROR:process_memory_win.cc(73)] ReadMemory at 0x2dfa31b1b90 of 512 bytes failed: Only part of a ReadProcessMemory or WriteProcessMemory request was completed. (0x12B)
[0701/183732.264:ERROR:process_memory_win.cc(73)] ReadMemory at 0x2dfa31b1eb0 of 512 bytes failed: Only part of a ReadProcessMemory or WriteProcessMemory request was completed. (0x12B)
[0701/183732.264:ERROR:process_memory_win.cc(73)] ReadMemory at 0x7ffe2dae074e of 553 bytes failed: Only part of a ReadProcessMemory or WriteProcessMemory request was completed. (0x12B)
[0701/183732.264:ERROR:process_memory_win.cc(73)] ReadMemory at 0x7ffe32581490 of 512 bytes failed: Only part of a ReadProcessMemory or WriteProcessMemory request was completed. (0x12B)
[0701/183732.265:ERROR:process_memory_win.cc(73)] ReadMemory at 0x7ffea22dc6e0 of 512 bytes failed: Only part of a ReadProcessMemory or WriteProcessMemory request was completed. (0x12B)
[0701/183732.265:ERROR:process_memory_win.cc(73)] ReadMemory at 0x7ffea487c074 of 672 bytes failed: Only part of a ReadProcessMemory or WriteProcessMemory request was completed. (0x12B)
[0701/183732.265:ERROR:process_memory_win.cc(73)] ReadMemory at 0x7ffea487c674 of 512 bytes failed: Only part of a ReadProcessMemory or WriteProcessMemory request was completed. (0x12B)
[0701/183732.265:ERROR:process_memory_win.cc(73)] ReadMemory at 0x7ffea487f984 of 512 bytes failed: Only part of a ReadProcessMemory or WriteProcessMemory request was completed. (0x12B)
[0701/183732.265:ERROR:process_memory_win.cc(73)] ReadMemory at 0x7ffea490c428 of 18 bytes failed: Only part of a ReadProcessMemory or WriteProcessMemory request was completed. (0x12B)
[0701/183732.265:ERROR:process_memory_win.cc(73)] ReadMemory at 0x7ffea493f4f8 of 40 bytes failed: Only part of a ReadProcessMemory or WriteProcessMemory request was completed. (0x12B)
[0701/183732.266:ERROR:process_memory_win.cc(73)] ReadMemory at 0x7ffea493f978 of 48 bytes failed: Only part of a ReadProcessMemory or WriteProcessMemory request was completed. (0x12B)
[0701/183732.266:ERROR:process_memory_win.cc(73)] ReadMemory at 0x7ffea49453c0 of 64 bytes failed: Only part of a ReadProcessMemory or WriteProcessMemory request was completed. (0x12B)
[0701/183732.268:ERROR:scoped_process_suspend.cc(40)] NtResumeProcess: An attempt was made to access an exiting process. (0xc000010a)
